/home/vscode/miniforge3/envs/bioinfo/bin/quast.py 3.seqkit/sars_rc_genome.fasta --reference 1.genome_ref/ref_NC_045512.2.fasta --output-dir 6.quast_ref/

Version: 5.3.0

System information:
  OS: Linux-6.8.0-1052-azure-x86_64-with-glibc2.39 (linux_64)
  Python version: 3.11.9
  CPUs number: 2

Started: 2026-06-22 14:55:26

Logging to /workspaces/Bioinfo_PPGSis_2026.1/1_dados/3.resultados/6.quast_ref/quast.log
NOTICE: Output directory already exists and looks like a QUAST output dir. Existing results can be reused (e.g. previously generated alignments)!
NOTICE: Maximum number of threads is set to 1 (use --threads option to set it manually)

CWD: /workspaces/Bioinfo_PPGSis_2026.1/1_dados/3.resultados
Main parameters: 
  MODE: default, threads: 1, min contig length: 500, min alignment length: 65, min alignment IDY: 95.0, \
  ambiguity: one, min local misassembly length: 200, min extensive misassembly length: 1000

Reference:
  /workspaces/Bioinfo_PPGSis_2026.1/1_dados/3.resultados/1.genome_ref/ref_NC_045512.2.fasta ==> ref_NC_045512.2

Contigs:
  Pre-processing...
  3.seqkit/sars_rc_genome.fasta ==> sars_rc_genome

2026-06-22 14:55:26
Running Basic statistics processor...
  Reference genome:
    ref_NC_045512.2.fasta, length = 29903, num fragments = 1, GC % = 37.97
  Contig files: 
    sars_rc_genome
  Calculating N50 and L50...
    sars_rc_genome, N50 = 29078, L50 = 1, auN = 29078.0, Total length = 29078, GC % = 37.89, # N's per 100 kbp =  0.00
  Drawing Nx plot...
    saved to /workspaces/Bioinfo_PPGSis_2026.1/1_dados/3.resultados/6.quast_ref/basic_stats/Nx_plot.pdf
  Drawing NGx plot...
    saved to /workspaces/Bioinfo_PPGSis_2026.1/1_dados/3.resultados/6.quast_ref/basic_stats/NGx_plot.pdf
  Drawing cumulative plot...
    saved to /workspaces/Bioinfo_PPGSis_2026.1/1_dados/3.resultados/6.quast_ref/basic_stats/cumulative_plot.pdf
  Drawing GC content plot...
    saved to /workspaces/Bioinfo_PPGSis_2026.1/1_dados/3.resultados/6.quast_ref/basic_stats/GC_content_plot.pdf
  Drawing sars_rc_genome GC content plot...
    saved to /workspaces/Bioinfo_PPGSis_2026.1/1_dados/3.resultados/6.quast_ref/basic_stats/sars_rc_genome_GC_content_plot.pdf
Done.

2026-06-22 14:55:27
Running Contig analyzer...
  sars_rc_genome
  Logging to files /workspaces/Bioinfo_PPGSis_2026.1/1_dados/3.resultados/6.quast_ref/contigs_reports/contigs_report_sars_rc_genome.stdout and contigs_report_sars_rc_genome.stderr...
  Using existing alignments... 
  Analysis is finished.

  Creating total report...
    saved to /workspaces/Bioinfo_PPGSis_2026.1/1_dados/3.resultados/6.quast_ref/contigs_reports/misassemblies_report.txt, misassemblies_report.tsv, and misassemblies_report.tex
  Transposed version of total report...
    saved to /workspaces/Bioinfo_PPGSis_2026.1/1_dados/3.resultados/6.quast_ref/contigs_reports/transposed_report_misassemblies.txt, transposed_report_misassemblies.tsv, and transposed_report_misassemblies.tex
  Creating total report...
    saved to /workspaces/Bioinfo_PPGSis_2026.1/1_dados/3.resultados/6.quast_ref/contigs_reports/unaligned_report.txt, unaligned_report.tsv, and unaligned_report.tex
  Drawing misassemblies by types plot...
    saved to /workspaces/Bioinfo_PPGSis_2026.1/1_dados/3.resultados/6.quast_ref/contigs_reports/misassemblies_plot.pdf
  Drawing misassemblies FRCurve plot...
    saved to /workspaces/Bioinfo_PPGSis_2026.1/1_dados/3.resultados/6.quast_ref/contigs_reports/misassemblies_frcurve_plot.pdf
Done.

2026-06-22 14:55:28
Running NA-NGA calculation...
  sars_rc_genome, Largest alignment = 28951, NA50 = 28951, NGA50 = 28951, LA50 = 1, LGA50 = 1
  Drawing cumulative plot...
    saved to /workspaces/Bioinfo_PPGSis_2026.1/1_dados/3.resultados/6.quast_ref/aligned_stats/cumulative_plot.pdf
  Drawing NAx plot...
    saved to /workspaces/Bioinfo_PPGSis_2026.1/1_dados/3.resultados/6.quast_ref/aligned_stats/NAx_plot.pdf
  Drawing NGAx plot...
    saved to /workspaces/Bioinfo_PPGSis_2026.1/1_dados/3.resultados/6.quast_ref/aligned_stats/NGAx_plot.pdf
Done.

2026-06-22 14:55:28
Running Genome analyzer...
  NOTICE: No file with genomic features were provided. Use the --features option if you want to specify it.

  NOTICE: No file with operons were provided. Use the -O option if you want to specify it.
  sars_rc_genome
  Analysis is finished.
  Skipping drawing Genome fraction, % histogram... (less than 2 columns histogram makes no sense)
Done.

NOTICE: Genes are not predicted by default. Use --gene-finding or --glimmer option to enable it.

2026-06-22 14:55:28
Creating large visual summaries...
This may take a while: press Ctrl-C to skip this step..
  1 of 2: Creating PDF with all tables and plots...
  2 of 2: Creating Icarus viewers...
Done

2026-06-22 14:55:29
RESULTS:
  Text versions of total report are saved to /workspaces/Bioinfo_PPGSis_2026.1/1_dados/3.resultados/6.quast_ref/report.txt, report.tsv, and report.tex
  Text versions of transposed total report are saved to /workspaces/Bioinfo_PPGSis_2026.1/1_dados/3.resultados/6.quast_ref/transposed_report.txt, transposed_report.tsv, and transposed_report.tex
  HTML version (interactive tables and plots) is saved to /workspaces/Bioinfo_PPGSis_2026.1/1_dados/3.resultados/6.quast_ref/report.html
  PDF version (tables and plots) is saved to /workspaces/Bioinfo_PPGSis_2026.1/1_dados/3.resultados/6.quast_ref/report.pdf
  Icarus (contig browser) is saved to /workspaces/Bioinfo_PPGSis_2026.1/1_dados/3.resultados/6.quast_ref/icarus.html
  Log is saved to /workspaces/Bioinfo_PPGSis_2026.1/1_dados/3.resultados/6.quast_ref/quast.log

Finished: 2026-06-22 14:55:29
Elapsed time: 0:00:03.159933
NOTICEs: 5; WARNINGs: 0; non-fatal ERRORs: 0

Thank you for using QUAST!
