Discrepancy Report Results

Summary
FATAL: MISSING_PROTEIN_ID:9 proteins have invalid IDs.
DISC_SOURCE_QUALS_ASNDISC:strain (all present, all unique)
DISC_SOURCE_QUALS_ASNDISC:taxname (all present, all unique)
DISC_FEATURE_COUNT:CDS: 9 present
DISC_COUNT_NUCLEOTIDES:1 nucleotide Bioseqs are present
FEATURE_LOCATION_CONFLICT:9 features have inconsistent gene locations.
SUSPECT_PRODUCT_NAMES:48 product_names contain suspect phrase or characters
	May contain database identifier more appropriate in note; remove from product name
		8 features contains three or more numbers together that may be identifiers more appropriate in note
		8 features Contains underscore
	FATAL: Possible parsing error or incorrect formatting; remove inappropriate symbols
		8 features contains '='
	Use short product name instead of descriptive phrase
		8 features Is longer than 100 characters. Remove descriptive phrases or synonyms from product names. Keep valid long product names, eg long enzyme names
		8 features contains 'CDS'
	use protein instead of gene as appropriate
		8 features contains 'gene'
DISC_QUALITY_SCORES:Quality scores are missing on all sequences.
ONCALLER_COMMENT_PRESENT:1 comment descriptors were found (all same)
SHORT_PROT_SEQUENCES:1 protein sequences are shorter than 50 aa.
MISSING_GENOMEASSEMBLY_COMMENTS:1 bioseqs are missing GenomeAssembly structured comments
MOLTYPE_NOT_MRNA:1 molecule types are not set as mRNA.
TECHNIQUE_NOT_TSA:1 technique are not set as TSA
MISSING_STRUCTURED_COMMENT:1 sequences do not include structured comments.
MISSING_PROJECT:10 sequences do not include project.
DISC_INCONSISTENT_MOLINFO_TECH:Molinfo Technique Report (some missing, all same)
SEQ_ID_PHRASES:Sequence Ids contain unacceptable phrases (cov_, length, node, paired, or trimmed)


Detailed Report

FATAL: DiscRep_ALL:MISSING_PROTEIN_ID::9 proteins have invalid IDs.
4.prokka//sars_anotado:sars-cov_montado_1 (length 4405)
4.prokka//sars_anotado:sars-cov_montado_2 (length 2595)
4.prokka//sars_anotado:sars-cov_montado_3 (length 1273)
4.prokka//sars_anotado:sars-cov_montado_4 (length 271)
4.prokka//sars_anotado:sars-cov_montado_5 (length 222)
4.prokka//sars_anotado:sars-cov_montado_6 (length 121)
4.prokka//sars_anotado:sars-cov_montado_7 (length 43)
4.prokka//sars_anotado:sars-cov_montado_8 (length 121)
4.prokka//sars_anotado:sars-cov_montado_9 (length 97)

DiscRep_ALL:DISC_SOURCE_QUALS_ASNDISC::strain (all present, all unique)
DiscRep_SUB:DISC_SOURCE_QUALS_ASNDISC::1 sources have unique values for strain
DiscRep_ALL:DISC_SOURCE_QUALS_ASNDISC::taxname (all present, all unique)
DiscRep_SUB:DISC_SOURCE_QUALS_ASNDISC::1 sources have unique values for taxname
DiscRep_ALL:DISC_FEATURE_COUNT::CDS: 9 present
DiscRep_ALL:DISC_COUNT_NUCLEOTIDES::1 nucleotide Bioseqs are present
4.prokka//sars_anotado:sars-cov_montado (length 29078)

DiscRep_ALL:FEATURE_LOCATION_CONFLICT::9 features have inconsistent gene locations.
DiscRep_SUB:FEATURE_LOCATION_CONFLICT::Coding region xref gene does not exist
4.prokka//sars_anotado:CDS	[gene=ORF1ab] [locus_tag=GU280_gp01] [db_xref=GeneID:43740578] [protein=ORF1a polyprotein][protein_id=YP_009725295.1] [locatio>	sars-cov_montado:376-13593	PGMABDEF_00001

DiscRep_SUB:FEATURE_LOCATION_CONFLICT::Coding region xref gene does not exist
4.prokka//sars_anotado:CDS	[gene=ORF1ab] [locus_tag=GU280_gp01] [db_xref=GeneID:43740578] [protein=ORF1ab polyprotein][exception=ribosomal slippage] [pro>	sars-cov_montado:13878-21665	PGMABDEF_00002

DiscRep_SUB:FEATURE_LOCATION_CONFLICT::Coding region xref gene does not exist
4.prokka//sars_anotado:CDS	[gene=S] [locus_tag=GU280_gp02] [db_xref=GeneID:43740568] [protein=surface glycoprotein][protein_id=YP_009724390.1] [location=>	sars-cov_montado:21673-25494	PGMABDEF_00003

DiscRep_SUB:FEATURE_LOCATION_CONFLICT::Coding region xref gene does not exist
4.prokka//sars_anotado:CDS	[gene=ORF3a] [locus_tag=GU280_gp03] [db_xref=GeneID:43740569] [protein=ORF3a protein][protein_id=YP_009724391.1] [location=253>	sars-cov_montado:25515-26330	PGMABDEF_00004

DiscRep_SUB:FEATURE_LOCATION_CONFLICT::Coding region xref gene does not exist
4.prokka//sars_anotado:CDS	[gene=M] [locus_tag=GU280_gp05] [db_xref=GeneID:43740571] [protein=membrane glycoprotein][protein_id=YP_009724393.1] [location>	sars-cov_montado:26633-27301	PGMABDEF_00005

DiscRep_SUB:FEATURE_LOCATION_CONFLICT::Coding region xref gene does not exist
4.prokka//sars_anotado:CDS	[gene=ORF7a] [locus_tag=GU280_gp07] [db_xref=GeneID:43740573] [protein=ORF7a protein][protein_id=YP_009724395.1] [location=273>	sars-cov_montado:27504-27869	PGMABDEF_00006

DiscRep_SUB:FEATURE_LOCATION_CONFLICT::Coding region xref gene does not exist
4.prokka//sars_anotado:CDS	[gene=ORF7b] [locus_tag=GU280_gp08] [db_xref=GeneID:43740574] [protein=ORF7b] [protein_id=YP_009725318.1][location=27756..2788>	sars-cov_montado:27866-27997	PGMABDEF_00007

DiscRep_SUB:FEATURE_LOCATION_CONFLICT::Coding region xref gene does not exist
4.prokka//sars_anotado:CDS	[gene=ORF8] [locus_tag=GU280_gp09] [db_xref=GeneID:43740577] [protein=ORF8 protein][protein_id=YP_009724396.1] [location=27894>	sars-cov_montado:28004-28369	PGMABDEF_00008

DiscRep_SUB:FEATURE_LOCATION_CONFLICT::Coding region xref gene does not exist
4.prokka//sars_anotado:CDS	ORF9b protein	sars-cov_montado:28394-28687	PGMABDEF_00009

DiscRep_ALL:SUSPECT_PRODUCT_NAMES::48 product_names contain suspect phrase or characters
DiscRep_SUB:SUSPECT_PRODUCT_NAMES::May contain database identifier more appropriate in note; remove from product name
DiscRep_SUB:SUSPECT_PRODUCT_NAMES::8 features contains three or more numbers together that may be identifiers more appropriate in note
4.prokka//sars_anotado:CDS	[gene=ORF1ab] [locus_tag=GU280_gp01] [db_xref=GeneID:43740578] [protein=ORF1a polyprotein][protein_id=YP_009725295.1] [locatio>	sars-cov_montado:376-13593	PGMABDEF_00001
4.prokka//sars_anotado:CDS	[gene=ORF1ab] [locus_tag=GU280_gp01] [db_xref=GeneID:43740578] [protein=ORF1ab polyprotein][exception=ribosomal slippage] [pro>	sars-cov_montado:13878-21665	PGMABDEF_00002
4.prokka//sars_anotado:CDS	[gene=S] [locus_tag=GU280_gp02] [db_xref=GeneID:43740568] [protein=surface glycoprotein][protein_id=YP_009724390.1] [location=>	sars-cov_montado:21673-25494	PGMABDEF_00003
4.prokka//sars_anotado:CDS	[gene=ORF3a] [locus_tag=GU280_gp03] [db_xref=GeneID:43740569] [protein=ORF3a protein][protein_id=YP_009724391.1] [location=253>	sars-cov_montado:25515-26330	PGMABDEF_00004
4.prokka//sars_anotado:CDS	[gene=M] [locus_tag=GU280_gp05] [db_xref=GeneID:43740571] [protein=membrane glycoprotein][protein_id=YP_009724393.1] [location>	sars-cov_montado:26633-27301	PGMABDEF_00005
4.prokka//sars_anotado:CDS	[gene=ORF7a] [locus_tag=GU280_gp07] [db_xref=GeneID:43740573] [protein=ORF7a protein][protein_id=YP_009724395.1] [location=273>	sars-cov_montado:27504-27869	PGMABDEF_00006
4.prokka//sars_anotado:CDS	[gene=ORF7b] [locus_tag=GU280_gp08] [db_xref=GeneID:43740574] [protein=ORF7b] [protein_id=YP_009725318.1][location=27756..2788>	sars-cov_montado:27866-27997	PGMABDEF_00007
4.prokka//sars_anotado:CDS	[gene=ORF8] [locus_tag=GU280_gp09] [db_xref=GeneID:43740577] [protein=ORF8 protein][protein_id=YP_009724396.1] [location=27894>	sars-cov_montado:28004-28369	PGMABDEF_00008

DiscRep_SUB:SUSPECT_PRODUCT_NAMES::8 features Contains underscore
4.prokka//sars_anotado:CDS	[gene=ORF1ab] [locus_tag=GU280_gp01] [db_xref=GeneID:43740578] [protein=ORF1a polyprotein][protein_id=YP_009725295.1] [locatio>	sars-cov_montado:376-13593	PGMABDEF_00001
4.prokka//sars_anotado:CDS	[gene=ORF1ab] [locus_tag=GU280_gp01] [db_xref=GeneID:43740578] [protein=ORF1ab polyprotein][exception=ribosomal slippage] [pro>	sars-cov_montado:13878-21665	PGMABDEF_00002
4.prokka//sars_anotado:CDS	[gene=S] [locus_tag=GU280_gp02] [db_xref=GeneID:43740568] [protein=surface glycoprotein][protein_id=YP_009724390.1] [location=>	sars-cov_montado:21673-25494	PGMABDEF_00003
4.prokka//sars_anotado:CDS	[gene=ORF3a] [locus_tag=GU280_gp03] [db_xref=GeneID:43740569] [protein=ORF3a protein][protein_id=YP_009724391.1] [location=253>	sars-cov_montado:25515-26330	PGMABDEF_00004
4.prokka//sars_anotado:CDS	[gene=M] [locus_tag=GU280_gp05] [db_xref=GeneID:43740571] [protein=membrane glycoprotein][protein_id=YP_009724393.1] [location>	sars-cov_montado:26633-27301	PGMABDEF_00005
4.prokka//sars_anotado:CDS	[gene=ORF7a] [locus_tag=GU280_gp07] [db_xref=GeneID:43740573] [protein=ORF7a protein][protein_id=YP_009724395.1] [location=273>	sars-cov_montado:27504-27869	PGMABDEF_00006
4.prokka//sars_anotado:CDS	[gene=ORF7b] [locus_tag=GU280_gp08] [db_xref=GeneID:43740574] [protein=ORF7b] [protein_id=YP_009725318.1][location=27756..2788>	sars-cov_montado:27866-27997	PGMABDEF_00007
4.prokka//sars_anotado:CDS	[gene=ORF8] [locus_tag=GU280_gp09] [db_xref=GeneID:43740577] [protein=ORF8 protein][protein_id=YP_009724396.1] [location=27894>	sars-cov_montado:28004-28369	PGMABDEF_00008

FATAL: DiscRep_SUB:SUSPECT_PRODUCT_NAMES::Possible parsing error or incorrect formattinve inmove inappropriate symbols
DiscRep_SUB:SUSPECT_PRODUCT_NAMES::8 features contains '='
4.prokka//sars_anotado:CDS	[gene=ORF1ab] [locus_tag=GU280_gp01] [db_xref=GeneID:43740578] [protein=ORF1a polyprotein][protein_id=YP_009725295.1] [locatio>	sars-cov_montado:376-13593	PGMABDEF_00001
4.prokka//sars_anotado:CDS	[gene=ORF1ab] [locus_tag=GU280_gp01] [db_xref=GeneID:43740578] [protein=ORF1ab polyprotein][exception=ribosomal slippage] [pro>	sars-cov_montado:13878-21665	PGMABDEF_00002
4.prokka//sars_anotado:CDS	[gene=S] [locus_tag=GU280_gp02] [db_xref=GeneID:43740568] [protein=surface glycoprotein][protein_id=YP_009724390.1] [location=>	sars-cov_montado:21673-25494	PGMABDEF_00003
4.prokka//sars_anotado:CDS	[gene=ORF3a] [locus_tag=GU280_gp03] [db_xref=GeneID:43740569] [protein=ORF3a protein][protein_id=YP_009724391.1] [location=253>	sars-cov_montado:25515-26330	PGMABDEF_00004
4.prokka//sars_anotado:CDS	[gene=M] [locus_tag=GU280_gp05] [db_xref=GeneID:43740571] [protein=membrane glycoprotein][protein_id=YP_009724393.1] [location>	sars-cov_montado:26633-27301	PGMABDEF_00005
4.prokka//sars_anotado:CDS	[gene=ORF7a] [locus_tag=GU280_gp07] [db_xref=GeneID:43740573] [protein=ORF7a protein][protein_id=YP_009724395.1] [location=273>	sars-cov_montado:27504-27869	PGMABDEF_00006
4.prokka//sars_anotado:CDS	[gene=ORF7b] [locus_tag=GU280_gp08] [db_xref=GeneID:43740574] [protein=ORF7b] [protein_id=YP_009725318.1][location=27756..2788>	sars-cov_montado:27866-27997	PGMABDEF_00007
4.prokka//sars_anotado:CDS	[gene=ORF8] [locus_tag=GU280_gp09] [db_xref=GeneID:43740577] [protein=ORF8 protein][protein_id=YP_009724396.1] [location=27894>	sars-cov_montado:28004-28369	PGMABDEF_00008

DiscRep_SUB:SUSPECT_PRODUCT_NAMES::Use short product name instead of descriptive phrase
DiscRep_SUB:SUSPECT_PRODUCT_NAMES::8 features Is longer than 100 characters. Remove descriptive phrases or synonyms from product names. Keep valid long product names, eg long enzyme names
4.prokka//sars_anotado:CDS	[gene=ORF1ab] [locus_tag=GU280_gp01] [db_xref=GeneID:43740578] [protein=ORF1a polyprotein][protein_id=YP_009725295.1] [locatio>	sars-cov_montado:376-13593	PGMABDEF_00001
4.prokka//sars_anotado:CDS	[gene=ORF1ab] [locus_tag=GU280_gp01] [db_xref=GeneID:43740578] [protein=ORF1ab polyprotein][exception=ribosomal slippage] [pro>	sars-cov_montado:13878-21665	PGMABDEF_00002
4.prokka//sars_anotado:CDS	[gene=S] [locus_tag=GU280_gp02] [db_xref=GeneID:43740568] [protein=surface glycoprotein][protein_id=YP_009724390.1] [location=>	sars-cov_montado:21673-25494	PGMABDEF_00003
4.prokka//sars_anotado:CDS	[gene=ORF3a] [locus_tag=GU280_gp03] [db_xref=GeneID:43740569] [protein=ORF3a protein][protein_id=YP_009724391.1] [location=253>	sars-cov_montado:25515-26330	PGMABDEF_00004
4.prokka//sars_anotado:CDS	[gene=M] [locus_tag=GU280_gp05] [db_xref=GeneID:43740571] [protein=membrane glycoprotein][protein_id=YP_009724393.1] [location>	sars-cov_montado:26633-27301	PGMABDEF_00005
4.prokka//sars_anotado:CDS	[gene=ORF7a] [locus_tag=GU280_gp07] [db_xref=GeneID:43740573] [protein=ORF7a protein][protein_id=YP_009724395.1] [location=273>	sars-cov_montado:27504-27869	PGMABDEF_00006
4.prokka//sars_anotado:CDS	[gene=ORF7b] [locus_tag=GU280_gp08] [db_xref=GeneID:43740574] [protein=ORF7b] [protein_id=YP_009725318.1][location=27756..2788>	sars-cov_montado:27866-27997	PGMABDEF_00007
4.prokka//sars_anotado:CDS	[gene=ORF8] [locus_tag=GU280_gp09] [db_xref=GeneID:43740577] [protein=ORF8 protein][protein_id=YP_009724396.1] [location=27894>	sars-cov_montado:28004-28369	PGMABDEF_00008

DiscRep_SUB:SUSPECT_PRODUCT_NAMES::8 features contains 'CDS'
4.prokka//sars_anotado:CDS	[gene=ORF1ab] [locus_tag=GU280_gp01] [db_xref=GeneID:43740578] [protein=ORF1a polyprotein][protein_id=YP_009725295.1] [locatio>	sars-cov_montado:376-13593	PGMABDEF_00001
4.prokka//sars_anotado:CDS	[gene=ORF1ab] [locus_tag=GU280_gp01] [db_xref=GeneID:43740578] [protein=ORF1ab polyprotein][exception=ribosomal slippage] [pro>	sars-cov_montado:13878-21665	PGMABDEF_00002
4.prokka//sars_anotado:CDS	[gene=S] [locus_tag=GU280_gp02] [db_xref=GeneID:43740568] [protein=surface glycoprotein][protein_id=YP_009724390.1] [location=>	sars-cov_montado:21673-25494	PGMABDEF_00003
4.prokka//sars_anotado:CDS	[gene=ORF3a] [locus_tag=GU280_gp03] [db_xref=GeneID:43740569] [protein=ORF3a protein][protein_id=YP_009724391.1] [location=253>	sars-cov_montado:25515-26330	PGMABDEF_00004
4.prokka//sars_anotado:CDS	[gene=M] [locus_tag=GU280_gp05] [db_xref=GeneID:43740571] [protein=membrane glycoprotein][protein_id=YP_009724393.1] [location>	sars-cov_montado:26633-27301	PGMABDEF_00005
4.prokka//sars_anotado:CDS	[gene=ORF7a] [locus_tag=GU280_gp07] [db_xref=GeneID:43740573] [protein=ORF7a protein][protein_id=YP_009724395.1] [location=273>	sars-cov_montado:27504-27869	PGMABDEF_00006
4.prokka//sars_anotado:CDS	[gene=ORF7b] [locus_tag=GU280_gp08] [db_xref=GeneID:43740574] [protein=ORF7b] [protein_id=YP_009725318.1][location=27756..2788>	sars-cov_montado:27866-27997	PGMABDEF_00007
4.prokka//sars_anotado:CDS	[gene=ORF8] [locus_tag=GU280_gp09] [db_xref=GeneID:43740577] [protein=ORF8 protein][protein_id=YP_009724396.1] [location=27894>	sars-cov_montado:28004-28369	PGMABDEF_00008

DiscRep_SUB:SUSPECT_PRODUCT_NAMES::use protein instead of gene as appropriate
DiscRep_SUB:SUSPECT_PRODUCT_NAMES::8 features contains 'gene'
4.prokka//sars_anotado:CDS	[gene=ORF1ab] [locus_tag=GU280_gp01] [db_xref=GeneID:43740578] [protein=ORF1a polyprotein][protein_id=YP_009725295.1] [locatio>	sars-cov_montado:376-13593	PGMABDEF_00001
4.prokka//sars_anotado:CDS	[gene=ORF1ab] [locus_tag=GU280_gp01] [db_xref=GeneID:43740578] [protein=ORF1ab polyprotein][exception=ribosomal slippage] [pro>	sars-cov_montado:13878-21665	PGMABDEF_00002
4.prokka//sars_anotado:CDS	[gene=S] [locus_tag=GU280_gp02] [db_xref=GeneID:43740568] [protein=surface glycoprotein][protein_id=YP_009724390.1] [location=>	sars-cov_montado:21673-25494	PGMABDEF_00003
4.prokka//sars_anotado:CDS	[gene=ORF3a] [locus_tag=GU280_gp03] [db_xref=GeneID:43740569] [protein=ORF3a protein][protein_id=YP_009724391.1] [location=253>	sars-cov_montado:25515-26330	PGMABDEF_00004
4.prokka//sars_anotado:CDS	[gene=M] [locus_tag=GU280_gp05] [db_xref=GeneID:43740571] [protein=membrane glycoprotein][protein_id=YP_009724393.1] [location>	sars-cov_montado:26633-27301	PGMABDEF_00005
4.prokka//sars_anotado:CDS	[gene=ORF7a] [locus_tag=GU280_gp07] [db_xref=GeneID:43740573] [protein=ORF7a protein][protein_id=YP_009724395.1] [location=273>	sars-cov_montado:27504-27869	PGMABDEF_00006
4.prokka//sars_anotado:CDS	[gene=ORF7b] [locus_tag=GU280_gp08] [db_xref=GeneID:43740574] [protein=ORF7b] [protein_id=YP_009725318.1][location=27756..2788>	sars-cov_montado:27866-27997	PGMABDEF_00007
4.prokka//sars_anotado:CDS	[gene=ORF8] [locus_tag=GU280_gp09] [db_xref=GeneID:43740577] [protein=ORF8 protein][protein_id=YP_009724396.1] [location=27894>	sars-cov_montado:28004-28369	PGMABDEF_00008

DiscRep_ALL:DISC_QUALITY_SCORES::Quality scores are missing on all sequences.

DiscRep_ALL:ONCALLER_COMMENT_PRESENT::1 comment descriptors were found (all same)
4.prokka//sars_anotado:sars-cov_montado:Annotated using prokka 1.15.6 from https://github.com/tseemann/prokka

DiscRep_ALL:SHORT_PROT_SEQUENCES::1 protein sequences are shorter than 50 aa.
4.prokka//sars_anotado:sars-cov_montado_7 (length 43)

DiscRep_ALL:MISSING_GENOMEASSEMBLY_COMMENTS::1 bioseqs are missing GenomeAssembly structured comments
4.prokka//sars_anotado:sars-cov_montado (length 29078)

DiscRep_ALL:MOLTYPE_NOT_MRNA::1 molecule types are not set as mRNA.
4.prokka//sars_anotado:sars-cov_montado (length 29078)

DiscRep_ALL:TECHNIQUE_NOT_TSA::1 technique are not set as TSA
4.prokka//sars_anotado:sars-cov_montado (length 29078)

DiscRep_ALL:MISSING_STRUCTURED_COMMENT::1 sequences do not include structured comments.
4.prokka//sars_anotado:sars-cov_montado (length 29078)

DiscRep_ALL:MISSING_PROJECT::10 sequences do not include project.
4.prokka//sars_anotado:sars-cov_montado (length 29078)
4.prokka//sars_anotado:sars-cov_montado_1 (length 4405)
4.prokka//sars_anotado:sars-cov_montado_2 (length 2595)
4.prokka//sars_anotado:sars-cov_montado_3 (length 1273)
4.prokka//sars_anotado:sars-cov_montado_4 (length 271)
4.prokka//sars_anotado:sars-cov_montado_5 (length 222)
4.prokka//sars_anotado:sars-cov_montado_6 (length 121)
4.prokka//sars_anotado:sars-cov_montado_7 (length 43)
4.prokka//sars_anotado:sars-cov_montado_8 (length 121)
4.prokka//sars_anotado:sars-cov_montado_9 (length 97)

DiscRep_ALL:DISC_INCONSISTENT_MOLINFO_TECH::Molinfo Technique Report (some missing, all same)
DiscRep_SUB:DISC_INCONSISTENT_MOLINFO_TECH::technique (all missing)
DiscRep_SUB:DISC_INCONSISTENT_MOLINFO_TECH::1 Molinfos are missing field technique
4.prokka//sars_anotado:sars-cov_montado (length 29078)

DiscRep_ALL:SEQ_ID_PHRASES::Sequence Ids contain unacceptable phrases (cov_, length, node, paired, or trimmed)

