Aligning contigs to reference...
	Using existing alignments...
Parsing coords...
Loading reference...
	Loaded [NC_045512.2]
	Total Regions: 1
	Total Region Length: 29903
Analyzing contigs...
CONTIG: sars-cov_montado (29078bp)
Best alignment score: 28936.5 (LEN: 28951, IDY: 99.95), Total number of alignments: 2
		Skipping these alignments as insignificant (option --ambiguity-score is set to "0.99"):
			Skipping alignment 28842 28968 | 1 127 | 127 127 | 100.0 | NC_045512.2 sars-cov_montado
		One align captures most of this contig: 18 28968 | 128 29078 | 28951 28951 | 99.95 | NC_045512.2 sars-cov_montado

Analyzing coverage...
Writing SNPs into /workspaces/Bioinfo_PPGSis_2026.1/1_dados/3.resultados/6.quast_ref/contigs_reports/minimap_output/sars_rc_genome.used_snps

Analysis is finished!
Founded SNPs were written into /workspaces/Bioinfo_PPGSis_2026.1/1_dados/3.resultados/6.quast_ref/contigs_reports/minimap_output/sars_rc_genome.used_snps

Results:
	Local Misassemblies: 0
	Misassemblies: 0
		Relocations: 0
		Translocations: 0
		Inversions: 0
	Scaffold gap extensive misassemblies: 0
	Scaffold gap local misassemblies: 0
	Misassembled Contigs: 0
	Misassembled Contig Bases: 0
	Misassemblies Inter-Contig Overlap ("Extra" Aligned Bases): 0
Unaligned Contigs: 0 + 0 part
Half Unaligned Contigs with Misassemblies: 0
Unaligned Bases in Fully and Partially Unaligned Contigs: 0

Ambiguously Mapped Contigs: 0
Total Bases in Ambiguously Mapped Contigs: 0
"Extra" Aligned Bases in Ambiguously Mapped Contigs: 0
Note that --allow-ambiguity option was set to "one" and only first alignment per each of these contigs was used (there is no "extra" aligned bases).

	Covered Bases in Reference: 28951
	Raw Aligned Bases in Assembly: 28951
	Total Aligned Bases in Assembly (with "Extras"): 28951

	SNPs: 15
	Insertions: 0
	Deletions: 0

