tsv2bam v2.68, executed 2026-06-26 14:29:46 (zlib-1.3.2)
tsv2bam -P 4_stacks --threads 2 -M popmap_completo.txt
Configuration for this run:
  Stacks directory: '4_stacks/'
  Population map: 'popmap_completo.txt'
  Num. samples: 16
  Multithreaded.

Loading the catalog...
Processing sample 'Bear_Paw_1'...
Processing sample 'Bear_Paw_2'...
Processing sample 'Bear_Paw_3'...
Processing sample 'Bear_Paw_4'...
Processing sample 'Bear_Paw_5'...
Processing sample 'Bear_Paw_6'...
Processing sample 'Bear_Paw_7'...
Processing sample 'Bear_Paw_8'...
Processing sample 'Rabbit_Slough_1'...
Processing sample 'Rabbit_Slough_2'...
Processing sample 'Rabbit_Slough_3'...
Processing sample 'Rabbit_Slough_4'...
Processing sample 'Rabbit_Slough_5'...
Processing sample 'Rabbit_Slough_6'...
Processing sample 'Rabbit_Slough_7'...
Processing sample 'Rabbit_Slough_8'...

Sample 'Bear_Paw_1': matched 3452 sample loci to 3448 catalog loci; wrote 15592 records.
Sample 'Bear_Paw_2': matched 3186 sample loci to 3178 catalog loci; wrote 14532 records.
Sample 'Bear_Paw_3': matched 3990 sample loci to 3976 catalog loci; wrote 17612 records.
Sample 'Bear_Paw_4': matched 3318 sample loci to 3307 catalog loci; wrote 14847 records.
Sample 'Bear_Paw_5': matched 3090 sample loci to 3076 catalog loci; wrote 13901 records.
Sample 'Bear_Paw_6': matched 2608 sample loci to 2598 catalog loci; wrote 11482 records.
Sample 'Bear_Paw_7': matched 3571 sample loci to 3559 catalog loci; wrote 16063 records.
Sample 'Bear_Paw_8': matched 3032 sample loci to 3021 catalog loci; wrote 12965 records.
Sample 'Rabbit_Slough_1': matched 3650 sample loci to 3638 catalog loci; wrote 15611 records.
Sample 'Rabbit_Slough_2': matched 2948 sample loci to 2943 catalog loci; wrote 12714 records.
Sample 'Rabbit_Slough_3': matched 3265 sample loci to 3257 catalog loci; wrote 14347 records.
Sample 'Rabbit_Slough_4': matched 3186 sample loci to 3174 catalog loci; wrote 14278 records.
Sample 'Rabbit_Slough_5': matched 3135 sample loci to 3127 catalog loci; wrote 13464 records.
Sample 'Rabbit_Slough_6': matched 2782 sample loci to 2770 catalog loci; wrote 12164 records.
Sample 'Rabbit_Slough_7': matched 3751 sample loci to 3738 catalog loci; wrote 16302 records.
Sample 'Rabbit_Slough_8': matched 2965 sample loci to 2955 catalog loci; wrote 13154 records.

tsv2bam is done.
